Arguments: 
  /home/miftahmfaris/.nvm/versions/node/v12.18.1/bin/node /home/miftahmfaris/.nvm/versions/node/v12.18.1/bin/yarn add express ejs bcryptjs express-session mongoose passport passport-local express-ejs-layout connect-flash dotenv

PATH: 
  /home/miftahmfaris/.nvm/versions/node/v12.18.1/bin:/usr/local/sbin:/usr/local/bin:/usr/sbin:/usr/bin:/sbin:/bin:/usr/games:/usr/local/games:/snap/bin:/opt/yarn-[version]/bin:/home/miftahmfaris/.yarn/bin:/opt/yarn-[version]/bin:/home/miftahmfaris/.yarn/bin

Yarn version: 
  1.22.4

Node version: 
  12.18.1

Platform: 
  linux x64

Trace: 
  Error: https://registry.yarnpkg.com/express-ejs-layout: Not found
      at Request.params.callback [as _callback] (/home/miftahmfaris/.nvm/versions/node/v12.18.1/lib/node_modules/yarn/lib/cli.js:66987:18)
      at Request.self.callback (/home/miftahmfaris/.nvm/versions/node/v12.18.1/lib/node_modules/yarn/lib/cli.js:140748:22)
      at Request.emit (events.js:315:20)
      at Request.<anonymous> (/home/miftahmfaris/.nvm/versions/node/v12.18.1/lib/node_modules/yarn/lib/cli.js:141720:10)
      at Request.emit (events.js:315:20)
      at IncomingMessage.<anonymous> (/home/miftahmfaris/.nvm/versions/node/v12.18.1/lib/node_modules/yarn/lib/cli.js:141642:12)
      at Object.onceWrapper (events.js:421:28)
      at IncomingMessage.emit (events.js:327:22)
      at endReadableNT (_stream_readable.js:1221:12)
      at processTicksAndRejections (internal/process/task_queues.js:84:21)

npm manifest: 
  {
    "name": "2-passport-ejs",
    "version": "1.0.0",
    "description": "this app learn how to use passport",
    "main": "index.js",
    "author": "miftahmfaris",
    "license": "MIT"
  }

yarn manifest: 
  No manifest

Lockfile: 
  No lockfile
